<?xml version="1.0" encoding="UTF-8"?>
<testng-results skipped="0" failed="0" ignored="0" total="5" passed="5">
  <reporter-output>
  </reporter-output>
  <suite name="Default suite" duration-ms="12415" started-at="2022-03-21T08:51:43Z" finished-at="2022-03-21T08:51:55Z">
    <groups>
    </groups>
    <test name="Default test" duration-ms="12415" started-at="2022-03-21T08:51:43Z" finished-at="2022-03-21T08:51:55Z">
      <class name="IBM_Project_API_Testing.IBM_Project_API_Testing.API_Testing">
        <test-method status="PASS" signature="createUser(org.testng.ITestContext)[pri:0, instance:IBM_Project_API_Testing.IBM_Project_API_Testing.API_Testing@5700d6b1]" name="createUser" duration-ms="7234" started-at="2022-03-21T08:51:43Z" finished-at="2022-03-21T08:51:50Z">
          <params>
            <param index="0">
              <value>
                <![CDATA[org.testng.TestRunner@4e7dc304]]>
              </value>
            </param>
          </params>
          <reporter-output>
          </reporter-output>
        </test-method> <!-- createUser -->
        <test-method status="PASS" signature="modifyUser(org.testng.ITestContext)[pri:0, instance:IBM_Project_API_Testing.IBM_Project_API_Testing.API_Testing@5700d6b1]" name="modifyUser" duration-ms="1802" started-at="2022-03-21T08:51:50Z" depends-on-methods="IBM_Project_API_Testing.IBM_Project_API_Testing.API_Testing.createUser" finished-at="2022-03-21T08:51:52Z">
          <params>
            <param index="0">
              <value>
                <![CDATA[org.testng.TestRunner@4e7dc304]]>
              </value>
            </param>
          </params>
          <reporter-output>
          </reporter-output>
        </test-method> <!-- modifyUser -->
        <test-method status="PASS" signature="login(org.testng.ITestContext)[pri:0, instance:IBM_Project_API_Testing.IBM_Project_API_Testing.API_Testing@5700d6b1]" name="login" duration-ms="1847" started-at="2022-03-21T08:51:52Z" depends-on-methods="IBM_Project_API_Testing.IBM_Project_API_Testing.API_Testing.modifyUser" finished-at="2022-03-21T08:51:53Z">
          <params>
            <param index="0">
              <value>
                <![CDATA[org.testng.TestRunner@4e7dc304]]>
              </value>
            </param>
          </params>
          <reporter-output>
          </reporter-output>
        </test-method> <!-- login -->
        <test-method status="PASS" signature="logout(org.testng.ITestContext)[pri:0, instance:IBM_Project_API_Testing.IBM_Project_API_Testing.API_Testing@5700d6b1]" name="logout" duration-ms="1463" started-at="2022-03-21T08:51:54Z" depends-on-methods="IBM_Project_API_Testing.IBM_Project_API_Testing.API_Testing.login" finished-at="2022-03-21T08:51:55Z">
          <params>
            <param index="0">
              <value>
                <![CDATA[org.testng.TestRunner@4e7dc304]]>
              </value>
            </param>
          </params>
          <reporter-output>
          </reporter-output>
        </test-method> <!-- logout -->
        <test-method status="PASS" signature="delete(org.testng.ITestContext)[pri:0, instance:IBM_Project_API_Testing.IBM_Project_API_Testing.API_Testing@5700d6b1]" name="delete" duration-ms="3" started-at="2022-03-21T08:51:55Z" depends-on-methods="IBM_Project_API_Testing.IBM_Project_API_Testing.API_Testing.logout" finished-at="2022-03-21T08:51:55Z">
          <params>
            <param index="0">
              <value>
                <![CDATA[org.testng.TestRunner@4e7dc304]]>
              </value>
            </param>
          </params>
          <reporter-output>
          </reporter-output>
        </test-method> <!-- delete -->
      </class> <!-- IBM_Project_API_Testing.IBM_Project_API_Testing.API_Testing -->
    </test> <!-- Default test -->
  </suite> <!-- Default suite -->
</testng-results>
