<?xml version="1.0" encoding="UTF-8"?>
<!-- Generated by org.testng.reporters.JUnitReportReporter -->
<testsuite skipped="0" hostname="RJ84P5M-Anamika" name="IBM_Project_API_Testing.IBM_Project_API_Testing.API_Testing" tests="5" failures="0" timestamp="21 Mar 2022 11:36:28 GMT" time="9.375" errors="0">
  <testcase name="delete" time="1.507" classname="IBM_Project_API_Testing.IBM_Project_API_Testing.API_Testing"/>
  <testcase name="logout" time="1.513" classname="IBM_Project_API_Testing.IBM_Project_API_Testing.API_Testing"/>
  <testcase name="createUser" time="3.426" classname="IBM_Project_API_Testing.IBM_Project_API_Testing.API_Testing"/>
  <testcase name="login" time="1.471" classname="IBM_Project_API_Testing.IBM_Project_API_Testing.API_Testing"/>
  <testcase name="modifyUser" time="1.458" classname="IBM_Project_API_Testing.IBM_Project_API_Testing.API_Testing"/>
</testsuite> <!-- IBM_Project_API_Testing.IBM_Project_API_Testing.API_Testing -->
