<?xml version="1.0" encoding="UTF-8"?>
<!-- Generated by org.testng.reporters.JUnitReportReporter -->
<testsuite skipped="0" hostname="RJ84P5M-Anamika" name="IBM_Project_API_Testing.IBM_Project_API_Testing.API_Testing" tests="5" failures="0" timestamp="21 Mar 2022 08:51:55 GMT" time="12.349" errors="0">
  <testcase name="login" time="1.847" classname="IBM_Project_API_Testing.IBM_Project_API_Testing.API_Testing"/>
  <testcase name="createUser" time="7.234" classname="IBM_Project_API_Testing.IBM_Project_API_Testing.API_Testing"/>
  <testcase name="logout" time="1.463" classname="IBM_Project_API_Testing.IBM_Project_API_Testing.API_Testing"/>
  <testcase name="delete" time="0.003" classname="IBM_Project_API_Testing.IBM_Project_API_Testing.API_Testing"/>
  <testcase name="modifyUser" time="1.802" classname="IBM_Project_API_Testing.IBM_Project_API_Testing.API_Testing"/>
</testsuite> <!-- IBM_Project_API_Testing.IBM_Project_API_Testing.API_Testing -->
